2025-06-02 09:32:45,938 - AQIMainApp - INFO - 全局日志记录已设置。所有控制台输出将记录到: model\output\logs\console_output_20250602_093245.log
2025-06-02 09:32:45,939 - AQIMainApp - INFO - 系统当前使用的计算设备: cpu
2025-06-02 09:32:45,939 - AQIMainApp - INFO - 
2025-06-02 09:32:45,939 - AQIMainApp - INFO - 您好！请选择要执行的操作:
2025-06-02 09:32:45,939 - AQIMainApp - INFO -  (1: 训练新模型)
2025-06-02 09:32:45,940 - AQIMainApp - INFO -  (2: 评估现有模型性能)
2025-06-02 09:32:45,940 - AQIMainApp - INFO -  (3: 使用现有模型进行预测)
2025-06-02 09:32:45,940 - AQIMainApp - INFO -  (4: 使用现有模型检测异常数据)
2025-06-02 09:32:45,940 - AQIMainApp - INFO - 请输入选项 (1-4):
2025-06-02 09:32:52,400 - AQIMainApp - INFO - 用户选择的操作: 4
2025-06-02 09:32:52,402 - AQIMainApp - INFO - 
--- 您已选择：4. 使用现有模型检测异常数据 ---
2025-06-02 09:32:52,402 - AQIMainApp - INFO - 请输入已训练模型文件所在目录 (默认为 'model\output'):
2025-06-02 09:32:59,853 - AQIMainApp - INFO - 模型工件目录设置为: model\output
2025-06-02 09:32:59,853 - AQIMainApp - INFO - 请输入用于异常检测的数据文件路径 (CSV 或 Excel格式):
2025-06-02 09:33:12,051 - AQIMainApp - INFO - 异常检测数据路径设置为: d:\code\projects\class\机器学习\AQI\data_process\output\南京_AQI_Data_test.xlsx
2025-06-02 09:33:12,051 - AQIMainApp - INFO - 请输入异常检测的阈值敏感度因子 (默认为 3.0):
2025-06-02 09:33:17,935 - AQIMainApp - INFO - 阈值因子用户输入: 1
2025-06-02 09:33:18,022 - AQIMainApp - INFO - 开始使用位于 'model\output' 的模型对数据 'd:\code\projects\class\机器学习\AQI\data_process\output\南京_AQI_Data_test.xlsx' 进行异常检测...
2025-06-02 09:33:18,022 - AQIMainApp - INFO - 开始从目录 'model\output' 加载模型及相关组件 (AQISystem集中管理)...
2025-06-02 09:33:18,117 - AQIMainApp - INFO - 模型、配置及缩放器已成功加载并准备就绪 (AQISystem集中管理)。
2025-06-02 09:33:18,118 - AQIMainApp - INFO - 开始执行异常数据检测流程，使用的阈值因子为: 1.0 ...
2025-06-02 09:33:18,579 - AQIMainApp - INFO - 开始为异常检测任务预处理输入数据 (AQISystem)...
2025-06-02 09:33:18,846 - AQIMainApp - INFO - 异常检测输入数据预处理完成。
2025-06-02 09:33:18,938 - AQIMainApp - INFO - 
--- 异常数据检测详细报告 ---
2025-06-02 09:33:18,939 - AQIMainApp - INFO - 
目标污染物: AQI
2025-06-02 09:33:18,939 - AQIMainApp - INFO -   统计信息: 平均绝对误差=34.3185, 误差标准差=10.8820
2025-06-02 09:33:18,940 - AQIMainApp - INFO -   异常判定阈值 (误差 > 45.2005)
2025-06-02 09:33:18,940 - AQIMainApp - INFO -   检测到 12 个潜在异常点:
2025-06-02 09:33:18,941 - AQIMainApp - INFO -     - 时间: 2025-05-30 06:00:00, 实际值: 56.00, 预测值: 103.06, 误差: 47.06
2025-06-02 09:33:18,941 - AQIMainApp - INFO -     - 时间: 2025-05-30 08:00:00, 实际值: 53.00, 预测值: 99.91, 误差: 46.91
2025-06-02 09:33:18,941 - AQIMainApp - INFO -     - 时间: 2025-05-30 09:00:00, 实际值: 50.00, 预测值: 103.21, 误差: 53.21
2025-06-02 09:33:18,942 - AQIMainApp - INFO -     - 时间: 2025-05-30 10:00:00, 实际值: 44.00, 预测值: 89.46, 误差: 45.46
2025-06-02 09:33:18,942 - AQIMainApp - INFO -     - 时间: 2025-05-30 11:00:00, 实际值: 44.00, 预测值: 93.27, 误差: 49.27
2025-06-02 09:33:18,942 - AQIMainApp - INFO -     ...等 (共 12 个异常点)
2025-06-02 09:33:20,423 - AQIMainApp - INFO -   'AQI' 的异常点可视化图表已保存至: model\output\anomaly_detection_report_AQI_anomalies.png
2025-06-02 09:33:20,424 - AQIMainApp - INFO - 
目标污染物: PM2.5
2025-06-02 09:33:20,424 - AQIMainApp - INFO -   统计信息: 平均绝对误差=24.0205, 误差标准差=7.5112
2025-06-02 09:33:20,425 - AQIMainApp - INFO -   异常判定阈值 (误差 > 31.5317)
2025-06-02 09:33:20,425 - AQIMainApp - INFO -   检测到 14 个潜在异常点:
2025-06-02 09:33:20,425 - AQIMainApp - INFO -     - 时间: 2025-05-28 03:00:00, 实际值: 22.00, 预测值: 53.82, 误差: 31.82
2025-06-02 09:33:20,425 - AQIMainApp - INFO -     - 时间: 2025-05-28 04:00:00, 实际值: 23.00, 预测值: 57.19, 误差: 34.19
2025-06-02 09:33:20,425 - AQIMainApp - INFO -     - 时间: 2025-05-28 05:00:00, 实际值: 22.00, 预测值: 54.43, 误差: 32.43
2025-06-02 09:33:20,425 - AQIMainApp - INFO -     - 时间: 2025-05-29 12:00:00, 实际值: 27.00, 预测值: 60.36, 误差: 33.36
2025-06-02 09:33:20,427 - AQIMainApp - INFO -     - 时间: 2025-05-29 19:00:00, 实际值: 21.00, 预测值: 56.17, 误差: 35.17
2025-06-02 09:33:20,427 - AQIMainApp - INFO -     ...等 (共 14 个异常点)
2025-06-02 09:33:20,809 - AQIMainApp - INFO -   'PM2.5' 的异常点可视化图表已保存至: model\output\anomaly_detection_report_PM2.5_anomalies.png
2025-06-02 09:33:20,809 - AQIMainApp - INFO - 
目标污染物: PM10
2025-06-02 09:33:20,810 - AQIMainApp - INFO -   统计信息: 平均绝对误差=42.5690, 误差标准差=11.2569
2025-06-02 09:33:20,810 - AQIMainApp - INFO -   异常判定阈值 (误差 > 53.8259)
2025-06-02 09:33:20,811 - AQIMainApp - INFO -   检测到 12 个潜在异常点:
2025-06-02 09:33:20,811 - AQIMainApp - INFO -     - 时间: 2025-05-29 17:00:00, 实际值: 41.00, 预测值: 96.65, 误差: 55.65
2025-06-02 09:33:20,811 - AQIMainApp - INFO -     - 时间: 2025-05-30 06:00:00, 实际值: 61.00, 预测值: 115.16, 误差: 54.16
2025-06-02 09:33:20,811 - AQIMainApp - INFO -     - 时间: 2025-05-30 07:00:00, 实际值: 60.00, 预测值: 114.07, 误差: 54.07
2025-06-02 09:33:20,811 - AQIMainApp - INFO -     - 时间: 2025-05-30 08:00:00, 实际值: 55.00, 预测值: 112.26, 误差: 57.26
2025-06-02 09:33:20,812 - AQIMainApp - INFO -     - 时间: 2025-05-30 09:00:00, 实际值: 50.00, 预测值: 120.23, 误差: 70.23
2025-06-02 09:33:20,812 - AQIMainApp - INFO -     ...等 (共 12 个异常点)
2025-06-02 09:33:21,306 - AQIMainApp - INFO -   'PM10' 的异常点可视化图表已保存至: model\output\anomaly_detection_report_PM10_anomalies.png
2025-06-02 09:33:21,306 - AQIMainApp - INFO - 
目标污染物: SO2
2025-06-02 09:33:21,306 - AQIMainApp - INFO -   统计信息: 平均绝对误差=15.2485, 误差标准差=1.3372
2025-06-02 09:33:21,307 - AQIMainApp - INFO -   异常判定阈值 (误差 > 16.5857)
2025-06-02 09:33:21,307 - AQIMainApp - INFO -   检测到 13 个潜在异常点:
2025-06-02 09:33:21,307 - AQIMainApp - INFO -     - 时间: 2025-05-28 18:00:00, 实际值: 5.00, 预测值: 22.18, 误差: 17.18
2025-06-02 09:33:21,307 - AQIMainApp - INFO -     - 时间: 2025-05-29 11:00:00, 实际值: 5.00, 预测值: 21.64, 误差: 16.64
2025-06-02 09:33:21,307 - AQIMainApp - INFO -     - 时间: 2025-05-29 15:00:00, 实际值: 4.00, 预测值: 20.72, 误差: 16.72
2025-06-02 09:33:21,307 - AQIMainApp - INFO -     - 时间: 2025-05-29 21:00:00, 实际值: 4.00, 预测值: 21.41, 误差: 17.41
2025-06-02 09:33:21,309 - AQIMainApp - INFO -     - 时间: 2025-05-30 07:00:00, 实际值: 6.00, 预测值: 22.68, 误差: 16.68
2025-06-02 09:33:21,309 - AQIMainApp - INFO -     ...等 (共 13 个异常点)
2025-06-02 09:33:21,704 - AQIMainApp - INFO -   'SO2' 的异常点可视化图表已保存至: model\output\anomaly_detection_report_SO2_anomalies.png
2025-06-02 09:33:21,705 - AQIMainApp - INFO - 
目标污染物: NO2
2025-06-02 09:33:21,706 - AQIMainApp - INFO -   统计信息: 平均绝对误差=31.7671, 误差标准差=6.0394
2025-06-02 09:33:21,706 - AQIMainApp - INFO -   异常判定阈值 (误差 > 37.8065)
2025-06-02 09:33:21,706 - AQIMainApp - INFO -   检测到 14 个潜在异常点:
2025-06-02 09:33:21,706 - AQIMainApp - INFO -     - 时间: 2025-05-28 02:00:00, 实际值: 18.00, 预测值: 58.26, 误差: 40.26
2025-06-02 09:33:21,707 - AQIMainApp - INFO -     - 时间: 2025-05-28 03:00:00, 实际值: 17.00, 预测值: 55.74, 误差: 38.74
2025-06-02 09:33:21,707 - AQIMainApp - INFO -     - 时间: 2025-05-28 04:00:00, 实际值: 16.00, 预测值: 61.01, 误差: 45.01
2025-06-02 09:33:21,707 - AQIMainApp - INFO -     - 时间: 2025-05-28 05:00:00, 实际值: 19.00, 预测值: 57.58, 误差: 38.58
2025-06-02 09:33:21,707 - AQIMainApp - INFO -     - 时间: 2025-05-30 04:00:00, 实际值: 26.00, 预测值: 66.28, 误差: 40.28
2025-06-02 09:33:21,707 - AQIMainApp - INFO -     ...等 (共 14 个异常点)
2025-06-02 09:33:22,068 - AQIMainApp - INFO -   'NO2' 的异常点可视化图表已保存至: model\output\anomaly_detection_report_NO2_anomalies.png
2025-06-02 09:33:22,069 - AQIMainApp - INFO - 
目标污染物: O3
2025-06-02 09:33:22,069 - AQIMainApp - INFO -   统计信息: 平均绝对误差=72.3893, 误差标准差=21.8709
2025-06-02 09:33:22,069 - AQIMainApp - INFO -   异常判定阈值 (误差 > 94.2602)
2025-06-02 09:33:22,071 - AQIMainApp - INFO -   检测到 15 个潜在异常点:
2025-06-02 09:33:22,071 - AQIMainApp - INFO -     - 时间: 2025-05-28 14:00:00, 实际值: 158.00, 预测值: 44.09, 误差: 113.91
2025-06-02 09:33:22,071 - AQIMainApp - INFO -     - 时间: 2025-05-28 15:00:00, 实际值: 164.00, 预测值: 54.12, 误差: 109.88
2025-06-02 09:33:22,071 - AQIMainApp - INFO -     - 时间: 2025-05-28 17:00:00, 实际值: 167.00, 预测值: 64.69, 误差: 102.31
2025-06-02 09:33:22,071 - AQIMainApp - INFO -     - 时间: 2025-05-29 11:00:00, 实际值: 146.00, 预测值: 42.11, 误差: 103.89
2025-06-02 09:33:22,071 - AQIMainApp - INFO -     - 时间: 2025-05-29 12:00:00, 实际值: 165.00, 预测值: 47.42, 误差: 117.58
2025-06-02 09:33:22,071 - AQIMainApp - INFO -     ...等 (共 15 个异常点)
2025-06-02 09:33:22,457 - AQIMainApp - INFO -   'O3' 的异常点可视化图表已保存至: model\output\anomaly_detection_report_O3_anomalies.png
2025-06-02 09:33:22,458 - AQIMainApp - INFO - 
目标污染物: CO
2025-06-02 09:33:22,458 - AQIMainApp - INFO -   统计信息: 平均绝对误差=0.3129, 误差标准差=0.0685
2025-06-02 09:33:22,458 - AQIMainApp - INFO -   异常判定阈值 (误差 > 0.3814)
2025-06-02 09:33:22,460 - AQIMainApp - INFO -   检测到 16 个潜在异常点:
2025-06-02 09:33:22,460 - AQIMainApp - INFO -     - 时间: 2025-05-28 04:00:00, 实际值: 0.41, 预测值: 0.80, 误差: 0.39
2025-06-02 09:33:22,460 - AQIMainApp - INFO -     - 时间: 2025-05-29 11:00:00, 实际值: 0.40, 预测值: 0.80, 误差: 0.40
2025-06-02 09:33:22,460 - AQIMainApp - INFO -     - 时间: 2025-05-29 12:00:00, 实际值: 0.37, 预测值: 0.77, 误差: 0.40
2025-06-02 09:33:22,461 - AQIMainApp - INFO -     - 时间: 2025-05-29 16:00:00, 实际值: 0.32, 预测值: 0.71, 误差: 0.39
2025-06-02 09:33:22,461 - AQIMainApp - INFO -     - 时间: 2025-05-29 17:00:00, 实际值: 0.30, 预测值: 0.70, 误差: 0.40
2025-06-02 09:33:22,461 - AQIMainApp - INFO -     ...等 (共 16 个异常点)
2025-06-02 09:33:22,849 - AQIMainApp - INFO -   'CO' 的异常点可视化图表已保存至: model\output\anomaly_detection_report_CO_anomalies.png
2025-06-02 09:33:22,849 - AQIMainApp - INFO - 
--- 异常数据检测流程结束 ---
2025-06-02 09:33:22,853 - AQIMainApp - INFO - 异常数据检测流程已完成。
2025-06-02 09:33:22,853 - AQIMainApp - INFO - 
AQI预测与异常检测系统运行结束。
